<?xml version="1.0" encoding="UTF-8"?>
<!-- Generated by org.testng.reporters.JUnitReportReporter -->
<testsuite skipped="0" hostname="Hoangs-MacBook-Pro.local" name="com.test.arquillian.demo.GrapheneTest" tests="1" failures="0" timestamp="12 Apr 2018 13:28:06 GMT" time="10.668" errors="0">
  <testcase name="googleSearchTest" time="10.668" classname="com.test.arquillian.demo.GrapheneTest"/>
</testsuite> <!-- com.test.arquillian.demo.GrapheneTest -->
